<?xml version="1.0" encoding="UTF-8"?>
<!-- Generated by org.testng.reporters.JUnitReportReporter -->
<testsuite hostname="DESKTOP-VGB5KRT" failures="0" tests="1" name="com.ibanking.testCases.TC_AddCustomerTest_003" time="15.963" errors="0" timestamp="2020-12-08T02:04:46 BDT" skipped="0">
  <testcase classname="com.ibanking.testCases.TC_AddCustomerTest_003" name="addNewCustomer" time="15.963"/>
  <system-out/>
</testsuite> <!-- com.ibanking.testCases.TC_AddCustomerTest_003 -->
